TN:
SF:app.js
FN:16,(anonymous_0)
FN:23,(anonymous_1)
FNF:2
FNH:0
FNDA:0,(anonymous_0)
FNDA:0,(anonymous_1)
DA:4,2
DA:6,2
DA:7,2
DA:8,2
DA:9,2
DA:10,2
DA:12,2
DA:13,2
DA:16,2
DA:17,0
DA:18,0
DA:23,2
DA:24,0
DA:26,0
DA:33,2
LF:15
LH:11
BRDA:24,0,0,0
BRDA:24,0,1,0
BRF:2
BRH:0
end_of_record
TN:
SF:db.js
FNF:0
FNH:0
DA:1,2
DA:4,2
DA:6,2
DA:10,0
DA:13,2
DA:20,2
DA:41,2
LF:7
LH:6
BRDA:4,0,0,2
BRDA:4,0,1,0
BRF:2
BRH:1
end_of_record
TN:
SF:expressError.js
FN:8,(anonymous_0)
FNF:1
FNH:0
FNDA:0,(anonymous_0)
DA:9,0
DA:10,0
DA:11,0
DA:12,0
DA:17,2
LF:5
LH:1
BRF:0
BRH:0
end_of_record
TN:
SF:routes/companies.js
FN:5,(anonymous_0)
FN:12,(anonymous_1)
FN:19,(anonymous_2)
FN:26,(anonymous_3)
FN:33,(anonymous_4)
FNF:5
FNH:5
FNDA:2,(anonymous_0)
FNDA:3,(anonymous_1)
FNDA:1,(anonymous_2)
FNDA:1,(anonymous_3)
FNDA:1,(anonymous_4)
DA:1,2
DA:2,2
DA:3,2
DA:5,2
DA:7,2
DA:10,2
DA:12,2
DA:14,3
DA:15,3
DA:16,1
DA:17,2
DA:19,2
DA:21,1
DA:23,1
DA:26,2
DA:27,1
DA:29,1
DA:30,0
DA:31,1
DA:33,2
DA:35,1
DA:36,1
DA:37,0
DA:38,1
DA:41,2
LF:25
LH:23
BRDA:15,0,0,1
BRDA:15,0,1,2
BRDA:29,1,0,0
BRDA:29,1,1,1
BRDA:36,2,0,0
BRDA:36,2,1,1
BRF:6
BRH:4
end_of_record
TN:
SF:routes/invoices.js
FN:5,(anonymous_0)
FN:10,(anonymous_1)
FN:21,(anonymous_2)
FN:29,(anonymous_3)
FN:38,(anonymous_4)
FNF:5
FNH:4
FNDA:3,(anonymous_0)
FNDA:1,(anonymous_1)
FNDA:1,(anonymous_2)
FNDA:0,(anonymous_3)
FNDA:1,(anonymous_4)
DA:1,2
DA:2,2
DA:3,2
DA:5,2
DA:6,3
DA:7,3
DA:10,2
DA:11,1
DA:16,1
DA:17,0
DA:18,1
DA:21,2
DA:22,1
DA:26,1
DA:29,2
DA:30,0
DA:33,0
DA:34,0
DA:35,0
DA:38,2
DA:39,1
DA:40,1
DA:41,0
DA:42,1
DA:45,2
LF:25
LH:19
BRDA:16,0,0,0
BRDA:16,0,1,1
BRDA:33,1,0,0
BRDA:33,1,1,0
BRDA:40,2,0,0
BRDA:40,2,1,1
BRF:6
BRH:2
end_of_record
